<?xml version="1.0" encoding="UTF-8"?>
<testng-results ignored="0" total="33" passed="32" failed="1" skipped="0">
  <reporter-output>
  </reporter-output>
  <suite started-at="2023-01-13T10:36:04 IST" name="Suite" finished-at="2023-01-13T10:41:15 IST" duration-ms="310394">
    <groups>
    </groups>
    <test started-at="2023-01-13T10:36:04 IST" name="Test" finished-at="2023-01-13T10:41:15 IST" duration-ms="310394">
      <class name="com.elevatortech.testcases.Elevatortech_testcases">
        <test-method is-config="true" signature="loadconfig()[pri:0, instance:com.elevatortech.testcases.Elevatortech_testcases@37afeb11]" started-at="2023-01-13T10:36:04 IST" name="loadconfig" finished-at="2023-01-13T10:36:05 IST" duration-ms="25" status="PASS">
          <reporter-output>
          </reporter-output>
        </test-method> <!-- loadconfig -->
        <test-method is-config="true" signature="openingBrowsers()[pri:0, instance:com.elevatortech.testcases.Elevatortech_testcases@37afeb11]" started-at="2023-01-13T10:36:05 IST" name="openingBrowsers" finished-at="2023-01-13T10:36:27 IST" duration-ms="22654" status="PASS">
          <reporter-output>
          </reporter-output>
        </test-method> <!-- openingBrowsers -->
        <test-method signature="test()[pri:1, instance:com.elevatortech.testcases.Elevatortech_testcases@37afeb11]" started-at="2023-01-13T10:36:27 IST" name="test" finished-at="2023-01-13T10:36:28 IST" duration-ms="869" status="PASS">
          <reporter-output>
          </reporter-output>
        </test-method> <!-- test -->
        <test-method signature="verifyclick()[pri:2, instance:com.elevatortech.testcases.Elevatortech_testcases@37afeb11]" started-at="2023-01-13T10:36:28 IST" name="verifyclick" finished-at="2023-01-13T10:36:32 IST" duration-ms="4307" status="PASS">
          <reporter-output>
          </reporter-output>
        </test-method> <!-- verifyclick -->
        <test-method signature="verifyContactformReset()[pri:3, instance:com.elevatortech.testcases.Elevatortech_testcases@37afeb11]" started-at="2023-01-13T10:36:32 IST" name="verifyContactformReset" finished-at="2023-01-13T10:36:52 IST" duration-ms="19591" status="PASS">
          <reporter-output>
          </reporter-output>
        </test-method> <!-- verifyContactformReset -->
        <test-method signature="verifyContactformSubmit()[pri:4, instance:com.elevatortech.testcases.Elevatortech_testcases@37afeb11]" started-at="2023-01-13T10:36:52 IST" name="verifyContactformSubmit" finished-at="2023-01-13T10:37:26 IST" duration-ms="33627" status="PASS">
          <reporter-output>
          </reporter-output>
        </test-method> <!-- verifyContactformSubmit -->
        <test-method signature="verifyFacebookicon()[pri:5, instance:com.elevatortech.testcases.Elevatortech_testcases@37afeb11]" started-at="2023-01-13T10:37:26 IST" name="verifyFacebookicon" finished-at="2023-01-13T10:37:30 IST" duration-ms="4036" status="PASS">
          <reporter-output>
          </reporter-output>
        </test-method> <!-- verifyFacebookicon -->
        <test-method signature="verifyRandDoption()[pri:6, instance:com.elevatortech.testcases.Elevatortech_testcases@37afeb11]" started-at="2023-01-13T10:37:30 IST" name="verifyRandDoption" finished-at="2023-01-13T10:37:37 IST" duration-ms="7061" status="PASS">
          <reporter-output>
          </reporter-output>
        </test-method> <!-- verifyRandDoption -->
        <test-method signature="verifyBackendTrainingCourse()[pri:7, instance:com.elevatortech.testcases.Elevatortech_testcases@37afeb11]" started-at="2023-01-13T10:37:37 IST" name="verifyBackendTrainingCourse" finished-at="2023-01-13T10:37:40 IST" duration-ms="3506" status="PASS">
          <reporter-output>
          </reporter-output>
        </test-method> <!-- verifyBackendTrainingCourse -->
        <test-method signature="verifyBigDataPage()[pri:8, instance:com.elevatortech.testcases.Elevatortech_testcases@37afeb11]" started-at="2023-01-13T10:37:40 IST" name="verifyBigDataPage" finished-at="2023-01-13T10:37:43 IST" duration-ms="2729" status="PASS">
          <reporter-output>
          </reporter-output>
        </test-method> <!-- verifyBigDataPage -->
        <test-method signature="verifycloudcomputingpage()[pri:9, instance:com.elevatortech.testcases.Elevatortech_testcases@37afeb11]" started-at="2023-01-13T10:37:43 IST" name="verifycloudcomputingpage" finished-at="2023-01-13T10:37:50 IST" duration-ms="6632" status="PASS">
          <reporter-output>
          </reporter-output>
        </test-method> <!-- verifycloudcomputingpage -->
        <test-method signature="verifyclangpage()[pri:10, instance:com.elevatortech.testcases.Elevatortech_testcases@37afeb11]" started-at="2023-01-13T10:37:50 IST" name="verifyclangpage" finished-at="2023-01-13T10:37:57 IST" duration-ms="7632" status="PASS">
          <reporter-output>
          </reporter-output>
        </test-method> <!-- verifyclangpage -->
        <test-method signature="verifycplusgpage()[pri:11, instance:com.elevatortech.testcases.Elevatortech_testcases@37afeb11]" started-at="2023-01-13T10:37:57 IST" name="verifycplusgpage" finished-at="2023-01-13T10:38:05 IST" duration-ms="7774" status="PASS">
          <reporter-output>
          </reporter-output>
        </test-method> <!-- verifycplusgpage -->
        <test-method signature="verifydatastructurepage()[pri:12, instance:com.elevatortech.testcases.Elevatortech_testcases@37afeb11]" started-at="2023-01-13T10:38:05 IST" name="verifydatastructurepage" finished-at="2023-01-13T10:38:10 IST" duration-ms="4660" status="PASS">
          <reporter-output>
          </reporter-output>
        </test-method> <!-- verifydatastructurepage -->
        <test-method signature="verifyobjectivepage()[pri:13, instance:com.elevatortech.testcases.Elevatortech_testcases@37afeb11]" started-at="2023-01-13T10:38:10 IST" name="verifyobjectivepage" finished-at="2023-01-13T10:38:15 IST" duration-ms="5119" status="PASS">
          <reporter-output>
          </reporter-output>
        </test-method> <!-- verifyobjectivepage -->
        <test-method signature="verifymicrocontrolpage()[pri:14, instance:com.elevatortech.testcases.Elevatortech_testcases@37afeb11]" started-at="2023-01-13T10:38:15 IST" name="verifymicrocontrolpage" finished-at="2023-01-13T10:38:23 IST" duration-ms="8476" status="PASS">
          <reporter-output>
          </reporter-output>
        </test-method> <!-- verifymicrocontrolpage -->
        <test-method signature="verifyarmcontrolpage()[pri:15, instance:com.elevatortech.testcases.Elevatortech_testcases@37afeb11]" started-at="2023-01-13T10:38:23 IST" name="verifyarmcontrolpage" finished-at="2023-01-13T10:38:29 IST" duration-ms="5830" status="PASS">
          <reporter-output>
          </reporter-output>
        </test-method> <!-- verifyarmcontrolpage -->
        <test-method signature="verifyavmcontrolpage()[pri:16, instance:com.elevatortech.testcases.Elevatortech_testcases@37afeb11]" started-at="2023-01-13T10:38:29 IST" name="verifyavmcontrolpage" finished-at="2023-01-13T10:38:35 IST" duration-ms="6128" status="PASS">
          <reporter-output>
          </reporter-output>
        </test-method> <!-- verifyavmcontrolpage -->
        <test-method signature="verifypicControlpage()[pri:17, instance:com.elevatortech.testcases.Elevatortech_testcases@37afeb11]" started-at="2023-01-13T10:38:35 IST" name="verifypicControlpage" finished-at="2023-01-13T10:38:43 IST" duration-ms="7840" status="PASS">
          <reporter-output>
          </reporter-output>
        </test-method> <!-- verifypicControlpage -->
        <test-method signature="verifydevicedriversarmepage()[pri:18, instance:com.elevatortech.testcases.Elevatortech_testcases@37afeb11]" started-at="2023-01-13T10:38:43 IST" name="verifydevicedriversarmepage" finished-at="2023-01-13T10:38:51 IST" duration-ms="7515" status="PASS">
          <reporter-output>
          </reporter-output>
        </test-method> <!-- verifydevicedriversarmepage -->
        <test-method signature="verifydevicedriverspcpage()[pri:19, instance:com.elevatortech.testcases.Elevatortech_testcases@37afeb11]" started-at="2023-01-13T10:38:51 IST" name="verifydevicedriverspcpage" finished-at="2023-01-13T10:38:58 IST" duration-ms="6761" status="PASS">
          <reporter-output>
          </reporter-output>
        </test-method> <!-- verifydevicedriverspcpage -->
        <test-method signature="verifylinuxinternalpage()[pri:20, instance:com.elevatortech.testcases.Elevatortech_testcases@37afeb11]" started-at="2023-01-13T10:38:58 IST" name="verifylinuxinternalpage" finished-at="2023-01-13T10:39:08 IST" duration-ms="10212" status="PASS">
          <reporter-output>
          </reporter-output>
        </test-method> <!-- verifylinuxinternalpage -->
        <test-method signature="verifyEmbeddedlinuxpage()[pri:21, instance:com.elevatortech.testcases.Elevatortech_testcases@37afeb11]" started-at="2023-01-13T10:39:08 IST" name="verifyEmbeddedlinuxpage" finished-at="2023-01-13T10:39:17 IST" duration-ms="9261" status="PASS">
          <reporter-output>
          </reporter-output>
        </test-method> <!-- verifyEmbeddedlinuxpage -->
        <test-method signature="verifyvxWorkpage()[pri:22, instance:com.elevatortech.testcases.Elevatortech_testcases@37afeb11]" started-at="2023-01-13T10:39:17 IST" name="verifyvxWorkpage" finished-at="2023-01-13T10:39:25 IST" duration-ms="8382" status="PASS">
          <reporter-output>
          </reporter-output>
        </test-method> <!-- verifyvxWorkpage -->
        <test-method signature="verifyrtlinuxpage()[pri:23, instance:com.elevatortech.testcases.Elevatortech_testcases@37afeb11]" started-at="2023-01-13T10:39:26 IST" name="verifyrtlinuxpage" finished-at="2023-01-13T10:39:30 IST" duration-ms="4877" status="FAIL">
          <exception class="org.openqa.selenium.ElementNotInteractableException">
            <message>
              <![CDATA[element not interactable: http://elevatortechnologies.in/rt-linux.php has no size and location
  (Session info: chrome=109.0.5414.74)
Build info: version: '4.7.0', revision: '0a5b49d16f'
System info: os.name: 'Windows 10', os.arch: 'amd64', os.version: '10.0', java.version: '19.0.1'
Driver info: org.openqa.selenium.chrome.ChromeDriver
Command: [29faafa82bba112c53ef74fc5e4c28a6, actions {actions=[org.openqa.selenium.interactions.Sequence@611e5819]}]
Capabilities {acceptInsecureCerts: false, browserName: chrome, browserVersion: 109.0.5414.74, chrome: {chromedriverVersion: 109.0.5414.74 (e7c5703604da..., userDataDir: C:\Users\srikanth\AppData\L...}, goog:chromeOptions: {debuggerAddress: localhost:58689}, networkConnectionEnabled: false, pageLoadStrategy: normal, platformName: WINDOWS, proxy: Proxy(), se:cdp: ws://localhost:58689/devtoo..., se:cdpVersion: 109.0.5414.74, setWindowRect: true, strictFileInteractability: false, timeouts: {implicit: 0, pageLoad: 300000, script: 30000}, unhandledPromptBehavior: dismiss and notify, webauthn:extension:credBlob: true, webauthn:extension:largeBlob: true, webauthn:virtualAuthenticators: true}
Session ID: 29faafa82bba112c53ef74fc5e4c28a6]]>
            </message>
            <full-stacktrace>
              <![CDATA[org.openqa.selenium.ElementNotInteractableException: element not interactable: http://elevatortechnologies.in/rt-linux.php has no size and location
  (Session info: chrome=109.0.5414.74)
Build info: version: '4.7.0', revision: '0a5b49d16f'
System info: os.name: 'Windows 10', os.arch: 'amd64', os.version: '10.0', java.version: '19.0.1'
Driver info: org.openqa.selenium.chrome.ChromeDriver
Command: [29faafa82bba112c53ef74fc5e4c28a6, actions {actions=[org.openqa.selenium.interactions.Sequence@611e5819]}]
Capabilities {acceptInsecureCerts: false, browserName: chrome, browserVersion: 109.0.5414.74, chrome: {chromedriverVersion: 109.0.5414.74 (e7c5703604da..., userDataDir: C:\Users\srikanth\AppData\L...}, goog:chromeOptions: {debuggerAddress: localhost:58689}, networkConnectionEnabled: false, pageLoadStrategy: normal, platformName: WINDOWS, proxy: Proxy(), se:cdp: ws://localhost:58689/devtoo..., se:cdpVersion: 109.0.5414.74, setWindowRect: true, strictFileInteractability: false, timeouts: {implicit: 0, pageLoad: 300000, script: 30000}, unhandledPromptBehavior: dismiss and notify, webauthn:extension:credBlob: true, webauthn:extension:largeBlob: true, webauthn:virtualAuthenticators: true}
Session ID: 29faafa82bba112c53ef74fc5e4c28a6
at java.base/jdk.internal.reflect.DirectConstructorHandleAccessor.newInstance(DirectConstructorHandleAccessor.java:67)
at java.base/java.lang.reflect.Constructor.newInstanceWithCaller(Constructor.java:500)
at java.base/java.lang.reflect.Constructor.newInstance(Constructor.java:484)
at org.openqa.selenium.remote.codec.w3c.W3CHttpResponseCodec.createException(W3CHttpResponseCodec.java:200)
at org.openqa.selenium.remote.codec.w3c.W3CHttpResponseCodec.decode(W3CHttpResponseCodec.java:133)
at org.openqa.selenium.remote.codec.w3c.W3CHttpResponseCodec.decode(W3CHttpResponseCodec.java:53)
at org.openqa.selenium.remote.HttpCommandExecutor.execute(HttpCommandExecutor.java:184)
at org.openqa.selenium.remote.service.DriverCommandExecutor.invokeExecute(DriverCommandExecutor.java:167)
at org.openqa.selenium.remote.service.DriverCommandExecutor.execute(DriverCommandExecutor.java:142)
at org.openqa.selenium.remote.RemoteWebDriver.execute(RemoteWebDriver.java:541)
at org.openqa.selenium.remote.RemoteWebDriver.perform(RemoteWebDriver.java:609)
at org.openqa.selenium.interactions.Actions$BuiltAction.perform(Actions.java:567)
at com.actiondriver.ActionDriver.mouseHoverAndClickonElement(ActionDriver.java:224)
at com.elevatortech.pages.Operating_Systempage.RTlinux(Operating_Systempage.java:108)
at com.elevatortech.testcases.Elevatortech_testcases.verifyrtlinuxpage(Elevatortech_testcases.java:324)
at java.base/jdk.internal.reflect.DirectMethodHandleAccessor.invoke(DirectMethodHandleAccessor.java:104)
at java.base/java.lang.reflect.Method.invoke(Method.java:578)
at org.testng.internal.MethodInvocationHelper.invokeMethod(MethodInvocationHelper.java:133)
at org.testng.internal.TestInvoker.invokeMethod(TestInvoker.java:598)
at org.testng.internal.TestInvoker.invokeTestMethod(TestInvoker.java:173)
at org.testng.internal.MethodRunner.runInSequence(MethodRunner.java:46)
at org.testng.internal.TestInvoker$MethodInvocationAgent.invoke(TestInvoker.java:824)
at org.testng.internal.TestInvoker.invokeTestMethods(TestInvoker.java:146)
at org.testng.internal.TestMethodWorker.invokeTestMethods(TestMethodWorker.java:146)
at org.testng.internal.TestMethodWorker.run(TestMethodWorker.java:128)
at java.base/java.util.ArrayList.forEach(ArrayList.java:1511)
at org.testng.TestRunner.privateRun(TestRunner.java:794)
at org.testng.TestRunner.run(TestRunner.java:596)
at org.testng.SuiteRunner.runTest(SuiteRunner.java:377)
at org.testng.SuiteRunner.runSequentially(SuiteRunner.java:371)
at org.testng.SuiteRunner.privateRun(SuiteRunner.java:332)
at org.testng.SuiteRunner.run(SuiteRunner.java:276)
at org.testng.SuiteRunnerWorker.runSuite(SuiteRunnerWorker.java:53)
at org.testng.SuiteRunnerWorker.run(SuiteRunnerWorker.java:96)
at org.testng.TestNG.runSuitesSequentially(TestNG.java:1212)
at org.testng.TestNG.runSuitesLocally(TestNG.java:1134)
at org.testng.TestNG.runSuites(TestNG.java:1063)
at org.testng.TestNG.run(TestNG.java:1031)
at org.testng.remote.AbstractRemoteTestNG.run(AbstractRemoteTestNG.java:115)
at org.testng.remote.RemoteTestNG.initAndRun(RemoteTestNG.java:251)
at org.testng.remote.RemoteTestNG.main(RemoteTestNG.java:77)
]]>
            </full-stacktrace>
          </exception> <!-- org.openqa.selenium.ElementNotInteractableException -->
          <reporter-output>
          </reporter-output>
        </test-method> <!-- verifyrtlinuxpage -->
        <test-method signature="verifyrtxpage()[pri:24, instance:com.elevatortech.testcases.Elevatortech_testcases@37afeb11]" started-at="2023-01-13T10:39:30 IST" name="verifyrtxpage" finished-at="2023-01-13T10:39:40 IST" duration-ms="9176" status="PASS">
          <reporter-output>
          </reporter-output>
        </test-method> <!-- verifyrtxpage -->
        <test-method signature="verifyIphonepage()[pri:25, instance:com.elevatortech.testcases.Elevatortech_testcases@37afeb11]" started-at="2023-01-13T10:39:40 IST" name="verifyIphonepage" finished-at="2023-01-13T10:39:53 IST" duration-ms="13174" status="PASS">
          <reporter-output>
          </reporter-output>
        </test-method> <!-- verifyIphonepage -->
        <test-method signature="verifyAndroidpage()[pri:26, instance:com.elevatortech.testcases.Elevatortech_testcases@37afeb11]" started-at="2023-01-13T10:39:53 IST" name="verifyAndroidpage" finished-at="2023-01-13T10:40:02 IST" duration-ms="8834" status="PASS">
          <reporter-output>
          </reporter-output>
        </test-method> <!-- verifyAndroidpage -->
        <test-method signature="verifyWindowsmobilepage()[pri:27, instance:com.elevatortech.testcases.Elevatortech_testcases@37afeb11]" started-at="2023-01-13T10:40:02 IST" name="verifyWindowsmobilepage" finished-at="2023-01-13T10:40:11 IST" duration-ms="9187" status="PASS">
          <reporter-output>
          </reporter-output>
        </test-method> <!-- verifyWindowsmobilepage -->
        <test-method signature="verifyBlackBerrypage()[pri:28, instance:com.elevatortech.testcases.Elevatortech_testcases@37afeb11]" started-at="2023-01-13T10:40:11 IST" name="verifyBlackBerrypage" finished-at="2023-01-13T10:40:31 IST" duration-ms="19973" status="PASS">
          <reporter-output>
          </reporter-output>
        </test-method> <!-- verifyBlackBerrypage -->
        <test-method signature="verifyVHDLpage()[pri:29, instance:com.elevatortech.testcases.Elevatortech_testcases@37afeb11]" started-at="2023-01-13T10:40:31 IST" name="verifyVHDLpage" finished-at="2023-01-13T10:40:39 IST" duration-ms="8583" status="PASS">
          <reporter-output>
          </reporter-output>
        </test-method> <!-- verifyVHDLpage -->
        <test-method signature="verifyVerilogPage()[pri:30, instance:com.elevatortech.testcases.Elevatortech_testcases@37afeb11]" started-at="2023-01-13T10:40:39 IST" name="verifyVerilogPage" finished-at="2023-01-13T10:40:46 IST" duration-ms="6116" status="PASS">
          <reporter-output>
          </reporter-output>
        </test-method> <!-- verifyVerilogPage -->
        <test-method signature="verifySystemVerilogPage()[pri:31, instance:com.elevatortech.testcases.Elevatortech_testcases@37afeb11]" started-at="2023-01-13T10:40:46 IST" name="verifySystemVerilogPage" finished-at="2023-01-13T10:40:52 IST" duration-ms="6378" status="PASS">
          <reporter-output>
          </reporter-output>
        </test-method> <!-- verifySystemVerilogPage -->
        <test-method signature="verifySummerTrainingPage()[pri:32, instance:com.elevatortech.testcases.Elevatortech_testcases@37afeb11]" started-at="2023-01-13T10:40:52 IST" name="verifySummerTrainingPage" finished-at="2023-01-13T10:41:07 IST" duration-ms="15275" status="PASS">
          <reporter-output>
          </reporter-output>
        </test-method> <!-- verifySummerTrainingPage -->
        <test-method signature="verifyworkshopPage()[pri:33, instance:com.elevatortech.testcases.Elevatortech_testcases@37afeb11]" started-at="2023-01-13T10:41:07 IST" name="verifyworkshopPage" finished-at="2023-01-13T10:41:13 IST" duration-ms="6227" status="PASS">
          <reporter-output>
          </reporter-output>
        </test-method> <!-- verifyworkshopPage -->
        <test-method is-config="true" signature="tearDown()[pri:0, instance:com.elevatortech.testcases.Elevatortech_testcases@37afeb11]" started-at="2023-01-13T10:41:13 IST" name="tearDown" finished-at="2023-01-13T10:41:15 IST" duration-ms="1382" status="PASS">
          <reporter-output>
          </reporter-output>
        </test-method> <!-- tearDown -->
      </class> <!-- com.elevatortech.testcases.Elevatortech_testcases -->
    </test> <!-- Test -->
  </suite> <!-- Suite -->
</testng-results>
