<?xml version="1.0" encoding="UTF-8"?>
<!-- Generated by org.testng.reporters.JUnitXMLReporter -->
<testsuite ignored="32" hostname="DESKTOP-0M104V6" failures="0" tests="1" name="Default test" time="35.272" errors="0" timestamp="2023-01-13T10:24:21 IST">
  <testcase classname="com.elevatortech.testcases.Elevatortech_testcases" name="verifySummerTrainingPage" time="11.67"/>
  <testcase classname="com.elevatortech.testcases.Elevatortech_testcases" name="verifyworkshopPage" time="0.0">
    <ignored/>
  </testcase> <!-- verifyworkshopPage -->
  <testcase classname="com.elevatortech.testcases.Elevatortech_testcases" name="verifyBigDataPage" time="0.0">
    <ignored/>
  </testcase> <!-- verifyBigDataPage -->
  <testcase classname="com.elevatortech.testcases.Elevatortech_testcases" name="verifyarmcontrolpage" time="0.0">
    <ignored/>
  </testcase> <!-- verifyarmcontrolpage -->
  <testcase classname="com.elevatortech.testcases.Elevatortech_testcases" name="verifyWindowsmobilepage" time="0.0">
    <ignored/>
  </testcase> <!-- verifyWindowsmobilepage -->
  <testcase classname="com.elevatortech.testcases.Elevatortech_testcases" name="verifyIphonepage" time="0.0">
    <ignored/>
  </testcase> <!-- verifyIphonepage -->
  <testcase classname="com.elevatortech.testcases.Elevatortech_testcases" name="verifydevicedriverspcpage" time="0.0">
    <ignored/>
  </testcase> <!-- verifydevicedriverspcpage -->
  <testcase classname="com.elevatortech.testcases.Elevatortech_testcases" name="verifyContactformReset" time="0.0">
    <ignored/>
  </testcase> <!-- verifyContactformReset -->
  <testcase classname="com.elevatortech.testcases.Elevatortech_testcases" name="verifyVHDLpage" time="0.0">
    <ignored/>
  </testcase> <!-- verifyVHDLpage -->
  <testcase classname="com.elevatortech.testcases.Elevatortech_testcases" name="verifypicControlpage" time="0.0">
    <ignored/>
  </testcase> <!-- verifypicControlpage -->
  <testcase classname="com.elevatortech.testcases.Elevatortech_testcases" name="verifyrtxpage" time="0.0">
    <ignored/>
  </testcase> <!-- verifyrtxpage -->
  <testcase classname="com.elevatortech.testcases.Elevatortech_testcases" name="verifyContactformSubmit" time="0.0">
    <ignored/>
  </testcase> <!-- verifyContactformSubmit -->
  <testcase classname="com.elevatortech.testcases.Elevatortech_testcases" name="verifycplusgpage" time="0.0">
    <ignored/>
  </testcase> <!-- verifycplusgpage -->
  <testcase classname="com.elevatortech.testcases.Elevatortech_testcases" name="verifymicrocontrolpage" time="0.0">
    <ignored/>
  </testcase> <!-- verifymicrocontrolpage -->
  <testcase classname="com.elevatortech.testcases.Elevatortech_testcases" name="verifyBackendTrainingCourse" time="0.0">
    <ignored/>
  </testcase> <!-- verifyBackendTrainingCourse -->
  <testcase classname="com.elevatortech.testcases.Elevatortech_testcases" name="verifyrtlinuxpage" time="0.0">
    <ignored/>
  </testcase> <!-- verifyrtlinuxpage -->
  <testcase classname="com.elevatortech.testcases.Elevatortech_testcases" name="verifyAndroidpage" time="0.0">
    <ignored/>
  </testcase> <!-- verifyAndroidpage -->
  <testcase classname="com.elevatortech.testcases.Elevatortech_testcases" name="verifyclangpage" time="0.0">
    <ignored/>
  </testcase> <!-- verifyclangpage -->
  <testcase classname="com.elevatortech.testcases.Elevatortech_testcases" name="verifyobjectivepage" time="0.0">
    <ignored/>
  </testcase> <!-- verifyobjectivepage -->
  <testcase classname="com.elevatortech.testcases.Elevatortech_testcases" name="verifyclick" time="0.0">
    <ignored/>
  </testcase> <!-- verifyclick -->
  <testcase classname="com.elevatortech.testcases.Elevatortech_testcases" name="verifySystemVerilogPage" time="0.0">
    <ignored/>
  </testcase> <!-- verifySystemVerilogPage -->
  <testcase classname="com.elevatortech.testcases.Elevatortech_testcases" name="verifyFacebookicon" time="0.0">
    <ignored/>
  </testcase> <!-- verifyFacebookicon -->
  <testcase classname="com.elevatortech.testcases.Elevatortech_testcases" name="verifycloudcomputingpage" time="0.0">
    <ignored/>
  </testcase> <!-- verifycloudcomputingpage -->
  <testcase classname="com.elevatortech.testcases.Elevatortech_testcases" name="verifydevicedriversarmepage" time="0.0">
    <ignored/>
  </testcase> <!-- verifydevicedriversarmepage -->
  <testcase classname="com.elevatortech.testcases.Elevatortech_testcases" name="verifyVerilogPage" time="0.0">
    <ignored/>
  </testcase> <!-- verifyVerilogPage -->
  <testcase classname="com.elevatortech.testcases.Elevatortech_testcases" name="test" time="0.0">
    <ignored/>
  </testcase> <!-- test -->
  <testcase classname="com.elevatortech.testcases.Elevatortech_testcases" name="verifyavmcontrolpage" time="0.0">
    <ignored/>
  </testcase> <!-- verifyavmcontrolpage -->
  <testcase classname="com.elevatortech.testcases.Elevatortech_testcases" name="verifyBlackBerrypage" time="0.0">
    <ignored/>
  </testcase> <!-- verifyBlackBerrypage -->
  <testcase classname="com.elevatortech.testcases.Elevatortech_testcases" name="verifydatastructurepage" time="0.0">
    <ignored/>
  </testcase> <!-- verifydatastructurepage -->
  <testcase classname="com.elevatortech.testcases.Elevatortech_testcases" name="verifyRandDoption" time="0.0">
    <ignored/>
  </testcase> <!-- verifyRandDoption -->
  <testcase classname="com.elevatortech.testcases.Elevatortech_testcases" name="verifylinuxinternalpage" time="0.0">
    <ignored/>
  </testcase> <!-- verifylinuxinternalpage -->
  <testcase classname="com.elevatortech.testcases.Elevatortech_testcases" name="verifyEmbeddedlinuxpage" time="0.0">
    <ignored/>
  </testcase> <!-- verifyEmbeddedlinuxpage -->
  <testcase classname="com.elevatortech.testcases.Elevatortech_testcases" name="verifyvxWorkpage" time="0.0">
    <ignored/>
  </testcase> <!-- verifyvxWorkpage -->
</testsuite> <!-- Default test -->
